<?xml version="1.0" encoding="UTF-8"?>
<!-- Generated by org.testng.reporters.JUnitReportReporter -->
<testsuite hostname="Prasad" failures="0" tests="7" name="Countries.Country3" time="0.013" errors="0" timestamp="2024-06-08T12:06:40 IST" skipped="0">
  <testcase classname="Countries.Country3" name="ko" time="0.001"/>
  <testcase classname="Countries.Country3" name="jp" time="0.002"/>
  <testcase classname="Countries.Country3" name="mal" time="0.002"/>
  <testcase classname="Countries.Country3" name="sig" time="0.002"/>
  <testcase classname="Countries.Country3" name="bang" time="0.003"/>
  <testcase classname="Countries.Country3" name="som" time="0.002"/>
  <testcase classname="Countries.Country3" name="zim" time="0.001"/>
</testsuite> <!-- Countries.Country3 -->
