<?xml version="1.0" encoding="UTF-8"?>
<!-- Generated by org.testng.reporters.JUnitReportReporter -->
<testsuite hostname="Prasad" failures="0" tests="7" name="Countries.Country2" time="0.030" errors="0" timestamp="2024-06-08T12:06:40 IST" skipped="0">
  <testcase classname="Countries.Country2" name="sa" time="0.001"/>
  <testcase classname="Countries.Country2" name="eg" time="0.002"/>
  <testcase classname="Countries.Country2" name="fr" time="0.002"/>
  <testcase classname="Countries.Country2" name="pk" time="0.007"/>
  <testcase classname="Countries.Country2" name="ch" time="0.013"/>
  <testcase classname="Countries.Country2" name="eng" time="0.003"/>
  <testcase classname="Countries.Country2" name="srl" time="0.002"/>
</testsuite> <!-- Countries.Country2 -->
