<?xml version="1.0" encoding="UTF-8"?>
<!-- Generated by org.testng.reporters.JUnitReportReporter -->
<testsuite hostname="Prasad" failures="0" tests="6" name="Countries.Country1" time="0.011" errors="0" timestamp="2024-06-08T12:06:40 IST" skipped="0">
  <testcase classname="Countries.Country1" name="dk" time="0.001"/>
  <testcase classname="Countries.Country1" name="it" time="0.002"/>
  <testcase classname="Countries.Country1" name="nl" time="0.002"/>
  <testcase classname="Countries.Country1" name="aus" time="0.003"/>
  <testcase classname="Countries.Country1" name="sn" time="0.001"/>
  <testcase classname="Countries.Country1" name="ind" time="0.002"/>
</testsuite> <!-- Countries.Country1 -->
