<?xml version="1.0" encoding="UTF-8"?>
<!-- Generated by org.testng.reporters.JUnitReportReporter -->
<testsuite hostname="Prasad" failures="0" tests="1" name="DataPickerPack.DClass" time="5.536" errors="0" timestamp="2024-06-08T13:18:41 IST" skipped="0">
  <testcase classname="DataPickerPack.DClass" name="f" time="5.536"/>
</testsuite> <!-- DataPickerPack.DClass -->
